15:21:22,901  INFO main SpringWebApplication:main:12 - Starting Spring web application 2022-02-20T15:21:22.897243100+02:00[Europe/Helsinki]
15:23:16,611  INFO main SpringWebApplication:main:12 - Starting Spring web application 2022-02-20T15:23:16.607913600+02:00[Europe/Helsinki]
15:24:19,947  INFO http-nio-8080-exec-2 MainController:loginCheck:92 - User authenticated, id = 8, name = test3  2022-02-20T15:24:19.947077200+02:00[Europe/Helsinki]
15:24:43,067  INFO http-nio-8080-exec-1 MainController:registrationCheck:67 - New user was saved, user id = 9  2022-02-20T15:24:43.066176600+02:00[Europe/Helsinki]
15:24:47,751  INFO http-nio-8080-exec-9 MainController:loginCheck:92 - User authenticated, id = 9, name = test5  2022-02-20T15:24:47.751359700+02:00[Europe/Helsinki]
15:26:00,401  INFO http-nio-8080-exec-4 MainController:loginCheck:96 - Admin authenticated, id = 1, name = admin  2022-02-20T15:26:00.401771900+02:00[Europe/Helsinki]
14:27:12,364  INFO main SpringWebApplication:main:12 - Starting Spring web application 2022-02-24T14:27:12.364102700+02:00[Europe/Helsinki]
14:31:37,456  INFO main SpringWebApplication:main:12 - Starting Spring web application 2022-02-24T14:31:37.450976300+02:00[Europe/Helsinki]
14:33:16,142  INFO http-nio-8080-exec-4 MainController:registrationCheck:67 - New user was saved, user id = 10  2022-02-24T14:33:16.142120100+02:00[Europe/Helsinki]
14:33:33,634  INFO http-nio-8080-exec-10 MainController:loginCheck:92 - User authenticated, id = 10, name = testtest  2022-02-24T14:33:33.634709800+02:00[Europe/Helsinki]
14:35:23,235  INFO http-nio-8080-exec-1 MainController:loginCheck:96 - Admin authenticated, id = 1, name = admin  2022-02-24T14:35:23.235120300+02:00[Europe/Helsinki]
14:36:49,164  INFO http-nio-8080-exec-2 MainController:loginCheck:96 - Admin authenticated, id = 1, name = admin  2022-02-24T14:36:49.163677300+02:00[Europe/Helsinki]
15:03:00,372  INFO main SpringWebApplication:main:12 - Starting Spring web application 2022-02-24T15:03:00.370944300+02:00[Europe/Helsinki]
15:12:48,670  INFO http-nio-8080-exec-1 MainController:loginCheck:96 - Admin authenticated, id = 1, name = admin  2022-02-24T15:12:48.669144200+02:00[Europe/Helsinki]
05:20:53,185  INFO main SpringWebApplication:main:12 - Starting Spring web application 2022-04-09T05:20:53.184114700+03:00[Europe/Moscow]
23:46:50,180  INFO main SpringWebApplication:main:12 - Starting Spring web application 2022-04-09T23:46:50.179789600+03:00[Europe/Moscow]
23:49:01,866  INFO main SpringWebApplication:main:12 - Starting Spring web application 2022-04-09T23:49:01.865457700+03:00[Europe/Moscow]
23:58:28,983  INFO main SpringWebApplication:main:12 - Starting Spring web application 2022-04-09T23:58:28.982110300+03:00[Europe/Moscow]
23:59:29,488  INFO main SpringWebApplication:main:12 - Starting Spring web application 2022-04-09T23:59:29.488760700+03:00[Europe/Moscow]
23:59:42,515 ERROR http-nio-8080-exec-4 MainController:loginCheck:105 - Can not identify role, redirect /logout
00:02:46,341  INFO main SpringWebApplication:main:12 - Starting Spring web application 2022-04-10T00:02:46.340328+03:00[Europe/Moscow]
00:02:58,958 ERROR http-nio-8080-exec-3 MainController:loginCheck:105 - Can not identify role | []|, redirect /logout
00:03:51,732  INFO main SpringWebApplication:main:12 - Starting Spring web application 2022-04-10T00:03:51.732808100+03:00[Europe/Moscow]
00:04:11,072  INFO http-nio-8080-exec-5 MainController:loginCheck:101 - Admin authenticated, id = 1, name = admin  2022-04-10T00:04:11.072810+03:00[Europe/Moscow]
06:57:18,542  INFO main SpringWebApplication:main:12 - Starting Spring web application 2022-04-10T06:57:18.542934700+03:00[Europe/Moscow]
06:57:50,838  INFO http-nio-8080-exec-8 MainController:registrationCheck:67 - New user was saved, user id = 2  2022-04-10T06:57:50.837159900+03:00[Europe/Moscow]
06:58:24,641  INFO http-nio-8080-exec-3 MainController:registrationCheck:67 - New user was saved, user id = 3  2022-04-10T06:58:24.641565500+03:00[Europe/Moscow]
06:58:50,825  INFO http-nio-8080-exec-7 MainController:loginCheck:97 - User authenticated, id = 3, name = test2  2022-04-10T06:58:50.825170300+03:00[Europe/Moscow]
07:00:31,751  INFO http-nio-8080-exec-4 MainController:loginCheck:97 - User authenticated, id = 3, name = test2  2022-04-10T07:00:31.751640200+03:00[Europe/Moscow]
07:16:41,651  INFO main SpringWebApplication:main:12 - Starting Spring web application 2022-04-10T07:16:41.650896+03:00[Europe/Moscow]
07:16:57,424 ERROR http-nio-8080-exec-7 MainController:loginCheck:105 - Can not identify role | [] |, redirect /logout
07:17:31,388  INFO http-nio-8080-exec-2 MainController:loginCheck:97 - User authenticated, id = 3, name = test2  2022-04-10T07:17:31.388549100+03:00[Europe/Moscow]
07:18:41,178  INFO main SpringWebApplication:main:12 - Starting Spring web application 2022-04-10T07:18:41.178726+03:00[Europe/Moscow]
07:18:53,344 ERROR http-nio-8080-exec-5 MainController:loginCheck:107 - Can not identify role | [] |, redirect /logout
07:19:06,205  INFO http-nio-8080-exec-10 MainController:loginCheck:99 - User authenticated, id = 3, name = test2  2022-04-10T07:19:06.205255+03:00[Europe/Moscow]
07:20:35,354  INFO main SpringWebApplication:main:12 - Starting Spring web application 2022-04-10T07:20:35.353670500+03:00[Europe/Moscow]
07:20:52,348  INFO http-nio-8080-exec-7 MainController:loginCheck:103 - Admin authenticated, id = 1, name = admin  2022-04-10T07:20:52.348216700+03:00[Europe/Moscow]
21:21:15,423  INFO main SpringWebApplication:main:12 - Starting Spring web application 2022-04-10T21:21:15.422021200+03:00[Europe/Moscow]
21:21:36,519  INFO http-nio-8080-exec-5 MainController:loginCheck:99 - User authenticated, id = 3, name = test2  2022-04-10T21:21:36.519467900+03:00[Europe/Moscow]
21:22:16,376  INFO http-nio-8080-exec-10 MainController:loginCheck:103 - Admin authenticated, id = 1, name = admin  2022-04-10T21:22:16.376093600+03:00[Europe/Moscow]
02:11:25,231  INFO main SpringWebApplication:main:12 - Starting Spring web application 2022-04-11T02:11:25.231809300+03:00[Europe/Moscow]
02:12:06,083  INFO http-nio-8080-exec-5 MainController:loginCheck:97 - User authenticated, id = 3, name = test2  2022-04-11T02:12:06.083090900+03:00[Europe/Moscow]
02:12:21,488  INFO http-nio-8080-exec-4 MainController:loginCheck:101 - Admin authenticated, id = 1, name = admin  2022-04-11T02:12:21.488797100+03:00[Europe/Moscow]
02:14:45,743  INFO http-nio-8080-exec-5 MainController:loginCheck:101 - Admin authenticated, id = 1, name = admin  2022-04-11T02:14:45.743984500+03:00[Europe/Moscow]
02:39:39,765  INFO main SpringWebApplication:main:12 - Starting Spring web application 2022-04-11T02:39:39.765164700+03:00[Europe/Moscow]
02:40:04,991  INFO http-nio-8080-exec-7 MainController:loginCheck:101 - Admin authenticated, id = 1, name = admin  2022-04-11T02:40:04.991953800+03:00[Europe/Moscow]
02:41:10,302  INFO main SpringWebApplication:main:12 - Starting Spring web application 2022-04-11T02:41:10.301199800+03:00[Europe/Moscow]
02:41:21,153  INFO http-nio-8080-exec-7 MainController:loginCheck:101 - Admin authenticated, id = 1, name = admin  2022-04-11T02:41:21.152751100+03:00[Europe/Moscow]
02:42:39,358  INFO main SpringWebApplication:main:12 - Starting Spring web application 2022-04-11T02:42:39.358028500+03:00[Europe/Moscow]
02:42:52,265  INFO http-nio-8080-exec-5 MainController:loginCheck:101 - Admin authenticated, id = 1, name = admin  2022-04-11T02:42:52.265574300+03:00[Europe/Moscow]
02:43:25,234  INFO main SpringWebApplication:main:12 - Starting Spring web application 2022-04-11T02:43:25.233233700+03:00[Europe/Moscow]
02:43:33,994  INFO http-nio-8080-exec-5 MainController:loginCheck:101 - Admin authenticated, id = 1, name = admin  2022-04-11T02:43:33.994781700+03:00[Europe/Moscow]
02:45:16,071  INFO main SpringWebApplication:main:12 - Starting Spring web application 2022-04-11T02:45:16.070978900+03:00[Europe/Moscow]
02:45:26,831  INFO http-nio-8080-exec-5 MainController:loginCheck:101 - Admin authenticated, id = 1, name = admin  2022-04-11T02:45:26.831589200+03:00[Europe/Moscow]
02:48:02,300  INFO main SpringWebApplication:main:12 - Starting Spring web application 2022-04-11T02:48:02.300755100+03:00[Europe/Moscow]
02:48:13,624  INFO http-nio-8080-exec-7 MainController:loginCheck:101 - Admin authenticated, id = 1, name = admin  2022-04-11T02:48:13.624425400+03:00[Europe/Moscow]
02:53:34,175  INFO main SpringWebApplication:main:12 - Starting Spring web application 2022-04-11T02:53:34.175111100+03:00[Europe/Moscow]
02:53:49,306  INFO http-nio-8080-exec-7 MainController:loginCheck:101 - Admin authenticated, id = 1, name = admin  2022-04-11T02:53:49.306894100+03:00[Europe/Moscow]
02:53:53,902  INFO http-nio-8080-exec-1 ActivityService:addActivity:26 - activity skiing wasn't saved, reason could not execute statement; SQL [n/a]; constraint [null]; nested exception is org.hibernate.exception.ConstraintViolationException: could not execute statement
21:27:45,653  INFO main SpringWebApplication:main:12 - Starting Spring web application 2022-04-12T21:27:45.653237700+03:00[Europe/Moscow]
21:28:02,351  INFO http-nio-8080-exec-6 MainController:loginCheck:101 - Admin authenticated, id = 1, name = admin  2022-04-12T21:28:02.351343900+03:00[Europe/Moscow]
21:31:39,464  INFO main SpringWebApplication:main:12 - Starting Spring web application 2022-04-12T21:31:39.464500700+03:00[Europe/Moscow]
21:31:56,422  INFO http-nio-8080-exec-4 MainController:loginCheck:101 - Admin authenticated, id = 1, name = admin  2022-04-12T21:31:56.422330800+03:00[Europe/Moscow]
22:15:54,369  INFO main SpringWebApplication:main:12 - Starting Spring web application 2022-04-14T22:15:54.368236200+03:00[Europe/Moscow]
22:16:14,480  INFO http-nio-8080-exec-6 MainController:loginCheck:101 - Admin authenticated, id = 1, name = admin  2022-04-14T22:16:14.480729300+03:00[Europe/Moscow]
22:20:33,859  INFO http-nio-8080-exec-3 ActivityService:addActivity:27 - activity skiing wasn't saved, reason: could not execute statement; SQL [n/a]; constraint [activity.activity_name_uindex]; nested exception is org.hibernate.exception.ConstraintViolationException: could not execute statement
22:23:16,334  INFO main SpringWebApplication:main:12 - Starting Spring web application 2022-04-14T22:23:16.333941800+03:00[Europe/Moscow]
22:23:44,711  INFO http-nio-8080-exec-4 MainController:registrationCheck:67 - New user was saved, user id = 4  2022-04-14T22:23:44.711916800+03:00[Europe/Moscow]
22:23:50,354  INFO http-nio-8080-exec-7 MainController:loginCheck:97 - User authenticated, id = 4, name = 1234  2022-04-14T22:23:50.354862200+03:00[Europe/Moscow]
22:44:52,415  INFO main SpringWebApplication:main:12 - Starting Spring web application 2022-04-14T22:44:52.414814400+03:00[Europe/Moscow]
22:45:14,854  INFO http-nio-8080-exec-7 MainController:loginCheck:97 - User authenticated, id = 4, name = 1234  2022-04-14T22:45:14.854111100+03:00[Europe/Moscow]
22:46:20,302  INFO main SpringWebApplication:main:12 - Starting Spring web application 2022-04-14T22:46:20.301122700+03:00[Europe/Moscow]
22:46:33,435  INFO http-nio-8080-exec-4 MainController:loginCheck:97 - User authenticated, id = 4, name = 1234  2022-04-14T22:46:33.435041200+03:00[Europe/Moscow]
22:47:48,046  INFO main SpringWebApplication:main:12 - Starting Spring web application 2022-04-14T22:47:48.046005300+03:00[Europe/Moscow]
22:47:58,532  INFO http-nio-8080-exec-3 MainController:loginCheck:97 - User authenticated, id = 4, name = 1234  2022-04-14T22:47:58.532003600+03:00[Europe/Moscow]
22:51:57,726  INFO main SpringWebApplication:main:12 - Starting Spring web application 2022-04-14T22:51:57.725586800+03:00[Europe/Moscow]
22:52:07,175  INFO http-nio-8080-exec-5 MainController:loginCheck:97 - User authenticated, id = 4, name = 1234  2022-04-14T22:52:07.175270200+03:00[Europe/Moscow]
22:52:25,627  INFO http-nio-8080-exec-10 MainController:loginCheck:101 - Admin authenticated, id = 1, name = admin  2022-04-14T22:52:25.627583600+03:00[Europe/Moscow]
17:40:39,282  INFO main SpringWebApplication:main:12 - Starting Spring web application 2022-04-16T17:40:39.281286600+03:00[Europe/Moscow]
17:40:55,277  INFO http-nio-8080-exec-6 MainController:loginCheck:101 - Admin authenticated, id = 1, name = admin  2022-04-16T17:40:55.277359300+03:00[Europe/Moscow]
17:43:14,936  INFO http-nio-8080-exec-3 MainController:loginCheck:101 - Admin authenticated, id = 1, name = admin  2022-04-16T17:43:14.936261400+03:00[Europe/Moscow]
18:04:24,640  INFO main SpringWebApplication:main:12 - Starting Spring web application 2022-04-16T18:04:24.639144800+03:00[Europe/Moscow]
18:04:36,733  INFO http-nio-8080-exec-5 MainController:loginCheck:101 - Admin authenticated, id = 1, name = admin  2022-04-16T18:04:36.733626800+03:00[Europe/Moscow]
18:06:49,150  INFO http-nio-8080-exec-10 MainController:loginCheck:101 - Admin authenticated, id = 1, name = admin  2022-04-16T18:06:49.150205800+03:00[Europe/Moscow]
18:26:24,580  INFO main SpringWebApplication:main:12 - Starting Spring web application 2022-04-16T18:26:24.580915700+03:00[Europe/Moscow]
18:26:37,097  INFO http-nio-8080-exec-5 MainController:loginCheck:97 - User authenticated, id = 3, name = test2  2022-04-16T18:26:37.097066800+03:00[Europe/Moscow]
18:26:49,223  INFO http-nio-8080-exec-8 MainController:loginCheck:101 - Admin authenticated, id = 1, name = admin  2022-04-16T18:26:49.223138500+03:00[Europe/Moscow]
18:27:48,719  INFO http-nio-8080-exec-6 MainController:loginCheck:97 - User authenticated, id = 3, name = test2  2022-04-16T18:27:48.719177700+03:00[Europe/Moscow]
18:27:58,641  INFO http-nio-8080-exec-7 MainController:loginCheck:101 - Admin authenticated, id = 1, name = admin  2022-04-16T18:27:58.641621800+03:00[Europe/Moscow]
18:29:22,327  INFO main SpringWebApplication:main:12 - Starting Spring web application 2022-04-16T18:29:22.327162500+03:00[Europe/Moscow]
18:29:32,592  INFO http-nio-8080-exec-5 MainController:loginCheck:101 - Admin authenticated, id = 1, name = admin  2022-04-16T18:29:32.592453100+03:00[Europe/Moscow]
18:40:31,286  INFO main SpringWebApplication:main:12 - Starting Spring web application 2022-04-16T18:40:31.285014500+03:00[Europe/Moscow]
18:40:40,035  INFO http-nio-8080-exec-5 MainController:loginCheck:101 - Admin authenticated, id = 1, name = admin  2022-04-16T18:40:40.035770200+03:00[Europe/Moscow]
18:42:42,635  INFO main SpringWebApplication:main:12 - Starting Spring web application 2022-04-16T18:42:42.635740600+03:00[Europe/Moscow]
18:42:52,944  INFO http-nio-8080-exec-5 MainController:loginCheck:101 - Admin authenticated, id = 1, name = admin  2022-04-16T18:42:52.944955900+03:00[Europe/Moscow]
18:44:24,200  INFO main SpringWebApplication:main:12 - Starting Spring web application 2022-04-16T18:44:24.200016100+03:00[Europe/Moscow]
18:44:41,625  INFO http-nio-8080-exec-7 MainController:loginCheck:101 - Admin authenticated, id = 1, name = admin  2022-04-16T18:44:41.625476+03:00[Europe/Moscow]
18:45:51,182  INFO main SpringWebApplication:main:12 - Starting Spring web application 2022-04-16T18:45:51.181469800+03:00[Europe/Moscow]
18:46:03,010  INFO http-nio-8080-exec-7 MainController:loginCheck:101 - Admin authenticated, id = 1, name = admin  2022-04-16T18:46:03.010216600+03:00[Europe/Moscow]
18:50:37,267  INFO main SpringWebApplication:main:12 - Starting Spring web application 2022-04-16T18:50:37.266218300+03:00[Europe/Moscow]
18:50:48,046  INFO http-nio-8080-exec-5 MainController:loginCheck:101 - Admin authenticated, id = 1, name = admin  2022-04-16T18:50:48.045194300+03:00[Europe/Moscow]
18:51:26,649  INFO main SpringWebApplication:main:12 - Starting Spring web application 2022-04-16T18:51:26.649444900+03:00[Europe/Moscow]
18:51:35,906  INFO http-nio-8080-exec-5 MainController:loginCheck:101 - Admin authenticated, id = 1, name = admin  2022-04-16T18:51:35.906025500+03:00[Europe/Moscow]
18:55:10,069  INFO main SpringWebApplication:main:12 - Starting Spring web application 2022-04-16T18:55:10.068535300+03:00[Europe/Moscow]
18:55:21,982  INFO http-nio-8080-exec-5 MainController:loginCheck:101 - Admin authenticated, id = 1, name = admin  2022-04-16T18:55:21.982320800+03:00[Europe/Moscow]
18:56:40,998  INFO main SpringWebApplication:main:12 - Starting Spring web application 2022-04-16T18:56:40.998491900+03:00[Europe/Moscow]
18:56:57,246  INFO http-nio-8080-exec-5 MainController:loginCheck:101 - Admin authenticated, id = 1, name = admin  2022-04-16T18:56:57.246642600+03:00[Europe/Moscow]
18:57:17,478  INFO main SpringWebApplication:main:12 - Starting Spring web application 2022-04-16T18:57:17.478302300+03:00[Europe/Moscow]
18:57:26,199  INFO http-nio-8080-exec-5 MainController:loginCheck:101 - Admin authenticated, id = 1, name = admin  2022-04-16T18:57:26.199773900+03:00[Europe/Moscow]
19:08:23,356  INFO main SpringWebApplication:main:12 - Starting Spring web application 2022-04-16T19:08:23.356314200+03:00[Europe/Moscow]
19:10:13,509  INFO main SpringWebApplication:main:12 - Starting Spring web application 2022-04-16T19:10:13.509277300+03:00[Europe/Moscow]
19:10:24,429  INFO http-nio-8080-exec-5 MainController:loginCheck:101 - Admin authenticated, id = 1, name = admin  2022-04-16T19:10:24.429390500+03:00[Europe/Moscow]
19:10:38,305  INFO http-nio-8080-exec-7 MainController:loginCheck:101 - Admin authenticated, id = 1, name = admin  2022-04-16T19:10:38.305350800+03:00[Europe/Moscow]
19:11:07,891  INFO http-nio-8080-exec-1 MainController:loginCheck:97 - User authenticated, id = 3, name = test2  2022-04-16T19:11:07.891238900+03:00[Europe/Moscow]
19:11:59,395  INFO http-nio-8080-exec-10 MainController:loginCheck:97 - User authenticated, id = 3, name = test2  2022-04-16T19:11:59.395833200+03:00[Europe/Moscow]
19:12:10,962  INFO http-nio-8080-exec-10 MainController:loginCheck:101 - Admin authenticated, id = 1, name = admin  2022-04-16T19:12:10.962185800+03:00[Europe/Moscow]
19:13:35,921  INFO http-nio-8080-exec-9 MainController:loginCheck:101 - Admin authenticated, id = 1, name = admin  2022-04-16T19:13:35.921649600+03:00[Europe/Moscow]
19:13:57,558  INFO http-nio-8080-exec-1 MainController:loginCheck:101 - Admin authenticated, id = 1, name = admin  2022-04-16T19:13:57.558275900+03:00[Europe/Moscow]
19:14:33,550  INFO main SpringWebApplication:main:12 - Starting Spring web application 2022-04-16T19:14:33.550156500+03:00[Europe/Moscow]
19:15:09,981  INFO http-nio-8080-exec-5 MainController:loginCheck:101 - Admin authenticated, id = 1, name = admin  2022-04-16T19:15:09.981493100+03:00[Europe/Moscow]
19:15:42,763  INFO main SpringWebApplication:main:12 - Starting Spring web application 2022-04-16T19:15:42.762822+03:00[Europe/Moscow]
19:15:52,299  INFO http-nio-8080-exec-5 MainController:loginCheck:101 - Admin authenticated, id = 1, name = admin  2022-04-16T19:15:52.299988200+03:00[Europe/Moscow]
19:16:43,124  INFO main SpringWebApplication:main:12 - Starting Spring web application 2022-04-16T19:16:43.123755700+03:00[Europe/Moscow]
19:16:51,715  INFO http-nio-8080-exec-5 MainController:loginCheck:101 - Admin authenticated, id = 1, name = admin  2022-04-16T19:16:51.715965900+03:00[Europe/Moscow]
19:17:09,190  INFO http-nio-8080-exec-6 MainController:loginCheck:97 - User authenticated, id = 3, name = test2  2022-04-16T19:17:09.190262600+03:00[Europe/Moscow]
19:17:18,777  INFO http-nio-8080-exec-8 MainController:loginCheck:101 - Admin authenticated, id = 1, name = admin  2022-04-16T19:17:18.777315200+03:00[Europe/Moscow]
19:17:25,945  INFO http-nio-8080-exec-6 MainController:loginCheck:101 - Admin authenticated, id = 1, name = admin  2022-04-16T19:17:25.945076200+03:00[Europe/Moscow]
22:42:02,609  INFO main SpringWebApplication:main:12 - Starting Spring web application 2022-04-16T22:42:02.609974800+03:00[Europe/Moscow]
22:42:24,836  INFO http-nio-8080-exec-6 MainController:loginCheck:101 - Admin authenticated, id = 1, name = admin  2022-04-16T22:42:24.836266700+03:00[Europe/Moscow]
22:45:45,267  INFO http-nio-8080-exec-4 MainController:loginCheck:97 - User authenticated, id = 3, name = test2  2022-04-16T22:45:45.267499300+03:00[Europe/Moscow]
22:51:13,820  INFO http-nio-8080-exec-5 MainController:loginCheck:101 - Admin authenticated, id = 1, name = admin  2022-04-16T22:51:13.820360400+03:00[Europe/Moscow]
22:54:44,553  INFO http-nio-8080-exec-6 MainController:loginCheck:97 - User authenticated, id = 3, name = test2  2022-04-16T22:54:44.553599900+03:00[Europe/Moscow]
22:56:04,913  INFO http-nio-8080-exec-10 MainController:loginCheck:97 - User authenticated, id = 3, name = test2  2022-04-16T22:56:04.913319800+03:00[Europe/Moscow]
22:59:23,478  INFO main SpringWebApplication:main:12 - Starting Spring web application 2022-04-16T22:59:23.478617300+03:00[Europe/Moscow]
22:59:33,157  INFO http-nio-8080-exec-5 MainController:loginCheck:97 - User authenticated, id = 3, name = test2  2022-04-16T22:59:33.157964900+03:00[Europe/Moscow]
23:02:15,113  INFO main SpringWebApplication:main:12 - Starting Spring web application 2022-04-16T23:02:15.112933800+03:00[Europe/Moscow]
23:02:26,547  INFO http-nio-8080-exec-5 MainController:loginCheck:97 - User authenticated, id = 3, name = test2  2022-04-16T23:02:26.547926100+03:00[Europe/Moscow]
23:06:14,507  INFO http-nio-8080-exec-2 MainController:loginCheck:101 - Admin authenticated, id = 1, name = admin  2022-04-16T23:06:14.507030100+03:00[Europe/Moscow]
23:09:38,450  INFO main SpringWebApplication:main:12 - Starting Spring web application 2022-04-16T23:09:38.449394600+03:00[Europe/Moscow]
23:09:47,977  INFO http-nio-8080-exec-5 MainController:loginCheck:101 - Admin authenticated, id = 1, name = admin  2022-04-16T23:09:47.977548+03:00[Europe/Moscow]
13:08:03,010  INFO main SpringWebApplication:main:12 - Starting Spring web application 2022-04-27T13:08:03.009262800+03:00[Europe/Moscow]
13:08:31,166  INFO http-nio-8080-exec-5 MainController:registrationCheck:67 - New user was saved, user id = 5  2022-04-27T13:08:31.166716700+03:00[Europe/Moscow]
13:08:50,299  INFO http-nio-8080-exec-8 MainController:loginCheck:97 - User authenticated, id = 5, name = asdff  2022-04-27T13:08:50.299533900+03:00[Europe/Moscow]
13:15:45,907  INFO main SpringWebApplication:main:12 - Starting Spring web application 2022-04-27T13:15:45.907468700+03:00[Europe/Moscow]
13:16:01,531  INFO http-nio-8080-exec-5 MainController:loginCheck:97 - User authenticated, id = 5, name = asdff  2022-04-27T13:16:01.531991500+03:00[Europe/Moscow]
13:16:44,653  INFO main SpringWebApplication:main:12 - Starting Spring web application 2022-04-27T13:16:44.653433300+03:00[Europe/Moscow]
13:16:59,691  INFO http-nio-8080-exec-5 MainController:loginCheck:97 - User authenticated, id = 5, name = asdff  2022-04-27T13:16:59.691276800+03:00[Europe/Moscow]
13:17:33,511  INFO main SpringWebApplication:main:12 - Starting Spring web application 2022-04-27T13:17:33.510280100+03:00[Europe/Moscow]
13:17:43,631  INFO http-nio-8080-exec-5 MainController:loginCheck:97 - User authenticated, id = 5, name = asdff  2022-04-27T13:17:43.631013500+03:00[Europe/Moscow]
08:28:07,491  INFO main SpringWebApplication:main:12 - Starting Spring web application 2022-05-02T08:28:07.491306200+03:00[Europe/Moscow]
15:53:35,256  INFO main SpringWebApplication:main:12 - Starting Spring web application 2022-05-05T15:53:35.256694700+03:00[Europe/Moscow]
15:54:14,739  INFO http-nio-8080-exec-5 MainController:loginCheck:101 - Admin authenticated, id = 1, name = admin  2022-05-05T15:54:14.739390400+03:00[Europe/Moscow]
15:56:36,840  INFO http-nio-8080-exec-10 MainController:loginCheck:101 - Admin authenticated, id = 1, name = admin  2022-05-05T15:56:36.840708+03:00[Europe/Moscow]
16:03:53,201  INFO main SpringWebApplication:main:12 - Starting Spring web application 2022-05-05T16:03:53.201267500+03:00[Europe/Moscow]
16:04:06,761  INFO http-nio-8080-exec-4 MainController:registrationCheck:67 - New user was saved, user id = 4  2022-05-05T16:04:06.761872300+03:00[Europe/Moscow]
16:04:10,932  INFO http-nio-8080-exec-7 MainController:loginCheck:97 - User authenticated, id = 4, name = asdf  2022-05-05T16:04:10.932480500+03:00[Europe/Moscow]
16:12:33,555  INFO main SpringWebApplication:main:12 - Starting Spring web application 2022-05-05T16:12:33.554493400+03:00[Europe/Moscow]
16:12:44,567  INFO http-nio-8080-exec-5 MainController:loginCheck:97 - User authenticated, id = 4, name = asdf  2022-05-05T16:12:44.567538200+03:00[Europe/Moscow]
16:14:58,094  INFO main SpringWebApplication:main:12 - Starting Spring web application 2022-05-05T16:14:58.094442+03:00[Europe/Moscow]
16:15:08,684  INFO http-nio-8080-exec-5 MainController:loginCheck:97 - User authenticated, id = 4, name = asdf  2022-05-05T16:15:08.684762700+03:00[Europe/Moscow]
16:15:45,076  INFO main SpringWebApplication:main:12 - Starting Spring web application 2022-05-05T16:15:45.075844400+03:00[Europe/Moscow]
16:15:55,158  INFO http-nio-8080-exec-5 MainController:loginCheck:97 - User authenticated, id = 4, name = asdf  2022-05-05T16:15:55.158130500+03:00[Europe/Moscow]
16:16:13,778  INFO main SpringWebApplication:main:12 - Starting Spring web application 2022-05-06T16:16:13.777042500+03:00[Europe/Moscow]
16:16:34,564  INFO http-nio-8080-exec-5 MainController:loginCheck:97 - User authenticated, id = 4, name = asdf  2022-05-06T16:16:34.564523700+03:00[Europe/Moscow]
16:20:15,145  INFO http-nio-8080-exec-6 MainController:loginCheck:101 - Admin authenticated, id = 1, name = admin  2022-05-06T16:20:15.145774700+03:00[Europe/Moscow]
16:21:12,078  INFO http-nio-8080-exec-7 MainController:loginCheck:97 - User authenticated, id = 4, name = asdf  2022-05-06T16:21:12.078763500+03:00[Europe/Moscow]
16:21:29,294  INFO http-nio-8080-exec-10 MainController:loginCheck:101 - Admin authenticated, id = 1, name = admin  2022-05-06T16:21:29.294637800+03:00[Europe/Moscow]
16:23:17,102  INFO http-nio-8080-exec-8 MainController:loginCheck:97 - User authenticated, id = 4, name = asdf  2022-05-06T16:23:17.102075200+03:00[Europe/Moscow]
15:00:32,881  INFO main SpringWebApplication:main:12 - Starting Spring web application 2022-05-10T15:00:32.880967800+03:00[Europe/Moscow]
15:01:54,456  INFO http-nio-8080-exec-5 MainController:registrationCheck:67 - New user was saved, user id = 5  2022-05-10T15:01:54.456977900+03:00[Europe/Moscow]
15:02:01,683  INFO http-nio-8080-exec-8 MainController:loginCheck:97 - User authenticated, id = 5, name = test  2022-05-10T15:02:01.683282800+03:00[Europe/Moscow]
15:05:13,773  INFO main SpringWebApplication:main:12 - Starting Spring web application 2022-05-10T15:05:13.773484300+03:00[Europe/Moscow]
15:05:26,123  INFO http-nio-8080-exec-5 MainController:loginCheck:97 - User authenticated, id = 5, name = test  2022-05-10T15:05:26.123446700+03:00[Europe/Moscow]
15:18:55,246  INFO main SpringWebApplication:main:12 - Starting Spring web application 2022-05-10T15:18:55.246675800+03:00[Europe/Moscow]
15:19:14,807  INFO http-nio-8080-exec-5 MainController:loginCheck:97 - User authenticated, id = 5, name = test  2022-05-10T15:19:14.807635700+03:00[Europe/Moscow]
15:25:04,025  INFO main SpringWebApplication:main:12 - Starting Spring web application 2022-05-10T15:25:04.025537900+03:00[Europe/Moscow]
15:25:16,105  INFO http-nio-8080-exec-5 MainController:loginCheck:97 - User authenticated, id = 5, name = test  2022-05-10T15:25:16.105910700+03:00[Europe/Moscow]
15:27:02,082  INFO main SpringWebApplication:main:12 - Starting Spring web application 2022-05-10T15:27:02.082231900+03:00[Europe/Moscow]
15:27:15,000  INFO http-nio-8080-exec-5 MainController:loginCheck:97 - User authenticated, id = 5, name = test  2022-05-10T15:27:14.999468700+03:00[Europe/Moscow]
15:28:01,404  INFO main SpringWebApplication:main:12 - Starting Spring web application 2022-05-10T15:28:01.404107700+03:00[Europe/Moscow]
15:28:10,642  INFO http-nio-8080-exec-5 MainController:loginCheck:97 - User authenticated, id = 5, name = test  2022-05-10T15:28:10.642122900+03:00[Europe/Moscow]
15:29:05,287  INFO http-nio-8080-exec-7 MainController:loginCheck:101 - Admin authenticated, id = 1, name = admin  2022-05-10T15:29:05.287092800+03:00[Europe/Moscow]
15:35:31,023  INFO main SpringWebApplication:main:12 - Starting Spring web application 2022-05-10T15:35:31.023672+03:00[Europe/Moscow]
15:35:45,385  INFO http-nio-8080-exec-7 MainController:loginCheck:101 - Admin authenticated, id = 1, name = admin  2022-05-10T15:35:45.385360500+03:00[Europe/Moscow]
17:00:51,772  INFO main SpringWebApplication:main:12 - Starting Spring web application 2022-05-10T17:00:51.772613300+03:00[Europe/Moscow]
17:01:07,516  INFO http-nio-8080-exec-5 MainController:loginCheck:101 - Admin authenticated, id = 1, name = admin  2022-05-10T17:01:07.516161800+03:00[Europe/Moscow]
17:02:40,653  INFO main SpringWebApplication:main:12 - Starting Spring web application 2022-05-10T17:02:40.653983800+03:00[Europe/Moscow]
17:02:52,497  INFO http-nio-8080-exec-5 MainController:loginCheck:101 - Admin authenticated, id = 1, name = admin  2022-05-10T17:02:52.497605500+03:00[Europe/Moscow]
17:02:55,275 ERROR http-nio-8080-exec-8 ActivityService:getAllActivities:67 - Error while sorting activities, params =>  
17:06:01,357  INFO main SpringWebApplication:main:12 - Starting Spring web application 2022-05-10T17:06:01.356596700+03:00[Europe/Moscow]
17:06:18,999  INFO http-nio-8080-exec-5 MainController:loginCheck:101 - Admin authenticated, id = 1, name = admin  2022-05-10T17:06:18.999659500+03:00[Europe/Moscow]
17:06:20,450 ERROR http-nio-8080-exec-8 ActivityService:getAllActivities:67 - Error while sorting activities, params =>  
17:07:37,220 ERROR http-nio-8080-exec-2 ActivityService:getAllActivities:67 - Error while sorting activities, params => name 
17:07:57,205 ERROR http-nio-8080-exec-3 ActivityService:getAllActivities:67 - Error while sorting activities, params => reward 
17:08:02,813 ERROR http-nio-8080-exec-4 ActivityService:getAllActivities:67 - Error while sorting activities, params => reward 
23:22:16,022  INFO main SpringWebApplication:main:12 - Starting Spring web application 2022-05-10T23:22:16.021648400+03:00[Europe/Moscow]
23:22:31,226  INFO http-nio-8080-exec-6 MainController:loginCheck:101 - Admin authenticated, id = 1, name = admin  2022-05-10T23:22:31.226515400+03:00[Europe/Moscow]
23:23:27,613  INFO main SpringWebApplication:main:12 - Starting Spring web application 2022-05-10T23:23:27.612156200+03:00[Europe/Moscow]
23:23:38,646  INFO http-nio-8080-exec-5 MainController:loginCheck:101 - Admin authenticated, id = 1, name = admin  2022-05-10T23:23:38.646970600+03:00[Europe/Moscow]
23:24:50,048  INFO main SpringWebApplication:main:12 - Starting Spring web application 2022-05-10T23:24:50.048466800+03:00[Europe/Moscow]
23:25:00,044  INFO http-nio-8080-exec-5 MainController:loginCheck:101 - Admin authenticated, id = 1, name = admin  2022-05-10T23:25:00.044294800+03:00[Europe/Moscow]
23:29:53,663  INFO main SpringWebApplication:main:12 - Starting Spring web application 2022-05-10T23:29:53.663739100+03:00[Europe/Moscow]
23:30:06,438  INFO http-nio-8080-exec-7 MainController:loginCheck:101 - Admin authenticated, id = 1, name = admin  2022-05-10T23:30:06.438956600+03:00[Europe/Moscow]
23:32:34,509  INFO main SpringWebApplication:main:12 - Starting Spring web application 2022-05-10T23:32:34.508623600+03:00[Europe/Moscow]
23:32:46,254  INFO http-nio-8080-exec-7 MainController:loginCheck:101 - Admin authenticated, id = 1, name = admin  2022-05-10T23:32:46.254917+03:00[Europe/Moscow]
23:34:37,406  INFO http-nio-8080-exec-6 MainController:loginCheck:101 - Admin authenticated, id = 1, name = admin  2022-05-10T23:34:37.405630+03:00[Europe/Moscow]
23:34:41,683  INFO http-nio-8080-exec-3 MainController:loginCheck:97 - User authenticated, id = 5, name = test  2022-05-10T23:34:41.683240300+03:00[Europe/Moscow]
23:35:11,532  INFO http-nio-8080-exec-3 MainController:loginCheck:101 - Admin authenticated, id = 1, name = admin  2022-05-10T23:35:11.532116600+03:00[Europe/Moscow]
23:36:19,824  INFO http-nio-8080-exec-10 MainController:loginCheck:97 - User authenticated, id = 5, name = test  2022-05-10T23:36:19.824465600+03:00[Europe/Moscow]
08:46:42,631  INFO main SpringWebApplication:main:12 - Starting Spring web application 2022-05-11T08:46:42.631735100+03:00[Europe/Moscow]
08:49:45,943  INFO http-nio-8080-exec-7 MainController:registrationCheck:67 - New user was saved, user id = 6  2022-05-11T08:49:45.943624800+03:00[Europe/Moscow]
08:49:52,610  INFO http-nio-8080-exec-10 MainController:loginCheck:97 - User authenticated, id = 6, name = test1  2022-05-11T08:49:52.610432400+03:00[Europe/Moscow]
08:50:54,043  INFO http-nio-8080-exec-6 MainController:loginCheck:101 - Admin authenticated, id = 1, name = admin  2022-05-11T08:50:54.043060300+03:00[Europe/Moscow]
08:52:51,202  INFO http-nio-8080-exec-9 MainController:loginCheck:97 - User authenticated, id = 6, name = test1  2022-05-11T08:52:51.202262700+03:00[Europe/Moscow]
